14/03/2024 01:05:12 AM - LoginPage - INFO: Element found with locator: //a[contains(text(),'Sign In')] and  locatorType: xpath
14/03/2024 01:05:13 AM - LoginPage - INFO: Clicked on element with locator: //a[contains(text(),'Sign In')] locatorType: xpath
14/03/2024 01:05:13 AM - LoginPage - INFO: Element found with locator: email and  locatorType: id
14/03/2024 01:05:13 AM - LoginPage - INFO: Element found with locator: login-password and  locatorType: id
14/03/2024 01:05:13 AM - LoginPage - INFO: Element found with locator: email and  locatorType: id
14/03/2024 01:05:13 AM - LoginPage - INFO: Sent data on element with locator: email locatorType: id
14/03/2024 01:05:13 AM - LoginPage - INFO: Element found with locator: login-password and  locatorType: id
14/03/2024 01:05:13 AM - LoginPage - INFO: Sent data on element with locator: login-password locatorType: ID
14/03/2024 01:05:16 AM - LoginPage - INFO: Element found with locator: //button[@value='Login'] and  locatorType: xpath
14/03/2024 01:05:16 AM - LoginPage - INFO: Clicked on element with locator: //button[@value='Login'] locatorType: xpath
14/03/2024 01:05:18 AM - RegisterCoursesPage - INFO: Element found with locator: //a[contains(text(),'ALL COURSES')] and  locatorType: xpath
14/03/2024 01:05:25 AM - RegisterCoursesPage - INFO: Clicked on element with locator: //a[contains(text(),'ALL COURSES')] locatorType: xpath
14/03/2024 01:05:25 AM - RegisterCoursesPage - INFO: Element found with locator: search and  locatorType: id
14/03/2024 01:05:25 AM - RegisterCoursesPage - INFO: Cannot send data on the element with locator: search locatorType: id
14/03/2024 01:05:28 AM - RegisterCoursesPage - INFO: Element not found with locator: find-course search-course and  locatorType: classname
14/03/2024 01:05:28 AM - RegisterCoursesPage - INFO: Cannot click on the element with locator: find-course search-course locatorType: classname
14/03/2024 01:05:28 AM - RegisterCoursesPage - INFO: Element found with locator: //h4[contains(text(),'JavaScript for beginners')] and  locatorType: xpath
14/03/2024 01:05:30 AM - RegisterCoursesPage - INFO: Clicked on element with locator: //h4[contains(text(),'JavaScript for beginners')] locatorType: xpath
14/03/2024 01:05:30 AM - RegisterCoursesPage - INFO: Element found with locator: //button[contains(text(),"Enroll in Course")] and  locatorType: xpath
14/03/2024 01:05:35 AM - RegisterCoursesPage - INFO: Clicked on element with locator: //button[contains(text(),"Enroll in Course")] locatorType: xpath
14/03/2024 01:05:38 AM - RegisterCoursesPage - INFO: Element not found with locator: cardnumber and  locatorType: classname
14/03/2024 01:05:38 AM - RegisterCoursesPage - INFO: Cannot send data on the element with locator: cardnumber locatorType: classname
14/03/2024 01:05:41 AM - RegisterCoursesPage - INFO: Element not found with locator: exp-date and  locatorType: classname
14/03/2024 01:05:41 AM - RegisterCoursesPage - INFO: Cannot send data on the element with locator: exp-date locatorType: classname
14/03/2024 01:05:44 AM - RegisterCoursesPage - INFO: Element not found with locator: cvc and  locatorType: classname
14/03/2024 01:05:44 AM - RegisterCoursesPage - INFO: Cannot send data on the element with locator: cvc locatorType: classname
14/03/2024 01:05:44 AM - RegisterCoursesPage - INFO: Element found with locator: (//button[@type="button"])[5] and  locatorType: xpath
14/03/2024 01:05:44 AM - RegisterCoursesPage - INFO: Clicked on element with locator: (//button[@type="button"])[5] locatorType: xpath
14/03/2024 01:05:44 AM - RegisterCoursesPage - INFO: waiting for maximum 10 second for element to clickable
14/03/2024 01:05:55 AM - RegisterCoursesPage - INFO: Element not appeared on the web page
14/03/2024 01:05:55 AM - RegisterCoursesPage - INFO: Element not displayed with locator:  locatorType: id
14/03/2024 01:05:55 AM - TestStatus - ERROR: ### VERIFICATION FAILED :Enrollment Failed Verification
14/03/2024 01:05:55 AM - TestStatus - INFO: Screenshot save to directory: C:\Binay\PyChamp\upmove_framework\base\../screenshots/Enrollment Failed Verification_1710358555176.png
14/03/2024 01:05:55 AM - TestStatus - ERROR: test_invalidEnrollmentTest case Failed !!!!
14/03/2024 01:12:46 AM - LoginPage - INFO: Element found with locator: //a[contains(text(),'Sign In')] and  locatorType: xpath
14/03/2024 01:12:47 AM - LoginPage - INFO: Clicked on element with locator: //a[contains(text(),'Sign In')] locatorType: xpath
14/03/2024 01:12:47 AM - LoginPage - INFO: Element found with locator: email and  locatorType: id
14/03/2024 01:12:47 AM - LoginPage - INFO: Element found with locator: login-password and  locatorType: id
14/03/2024 01:12:47 AM - LoginPage - INFO: Element found with locator: email and  locatorType: id
14/03/2024 01:12:47 AM - LoginPage - INFO: Sent data on element with locator: email locatorType: id
14/03/2024 01:12:47 AM - LoginPage - INFO: Element found with locator: login-password and  locatorType: id
14/03/2024 01:12:47 AM - LoginPage - INFO: Sent data on element with locator: login-password locatorType: ID
14/03/2024 01:12:50 AM - LoginPage - INFO: Element found with locator: //button[@value='Login'] and  locatorType: xpath
14/03/2024 01:12:50 AM - LoginPage - INFO: Clicked on element with locator: //button[@value='Login'] locatorType: xpath
14/03/2024 01:12:52 AM - RegisterCoursesPage - INFO: Element found with locator: //a[contains(text(),'ALL COURSES')] and  locatorType: xpath
14/03/2024 01:12:58 AM - RegisterCoursesPage - INFO: Clicked on element with locator: //a[contains(text(),'ALL COURSES')] locatorType: xpath
14/03/2024 01:12:58 AM - RegisterCoursesPage - INFO: Element found with locator: search and  locatorType: id
14/03/2024 01:12:58 AM - RegisterCoursesPage - INFO: Cannot send data on the element with locator: search locatorType: id
14/03/2024 01:13:01 AM - RegisterCoursesPage - INFO: Element not found with locator: find-course search-course and  locatorType: classname
14/03/2024 01:13:01 AM - RegisterCoursesPage - INFO: Cannot click on the element with locator: find-course search-course locatorType: classname
14/03/2024 01:13:01 AM - RegisterCoursesPage - INFO: Element found with locator: //h4[contains(text(),'JavaScript for beginners')] and  locatorType: xpath
14/03/2024 01:13:03 AM - RegisterCoursesPage - INFO: Clicked on element with locator: //h4[contains(text(),'JavaScript for beginners')] locatorType: xpath
14/03/2024 01:13:03 AM - RegisterCoursesPage - INFO: Element found with locator: //button[contains(text(),"Enroll in Course")] and  locatorType: xpath
14/03/2024 01:13:07 AM - RegisterCoursesPage - INFO: Clicked on element with locator: //button[contains(text(),"Enroll in Course")] locatorType: xpath
14/03/2024 01:13:10 AM - RegisterCoursesPage - INFO: Element not found with locator: cardnumber and  locatorType: classname
14/03/2024 01:13:10 AM - RegisterCoursesPage - INFO: Cannot send data on the element with locator: cardnumber locatorType: classname
14/03/2024 01:13:13 AM - RegisterCoursesPage - INFO: Element not found with locator: exp-date and  locatorType: classname
14/03/2024 01:13:13 AM - RegisterCoursesPage - INFO: Cannot send data on the element with locator: exp-date locatorType: classname
14/03/2024 01:13:16 AM - RegisterCoursesPage - INFO: Element not found with locator: cvc and  locatorType: classname
14/03/2024 01:13:16 AM - RegisterCoursesPage - INFO: Cannot send data on the element with locator: cvc locatorType: classname
14/03/2024 01:13:16 AM - RegisterCoursesPage - INFO: Element found with locator: (//button[@type="button"])[5] and  locatorType: xpath
14/03/2024 01:13:16 AM - RegisterCoursesPage - INFO: Clicked on element with locator: (//button[@type="button"])[5] locatorType: xpath
14/03/2024 01:13:16 AM - RegisterCoursesPage - INFO: waiting for maximum 10 second for element to clickable
14/03/2024 01:13:27 AM - RegisterCoursesPage - INFO: Element not appeared on the web page
14/03/2024 01:13:27 AM - RegisterCoursesPage - INFO: Element not displayed with locator:  locatorType: id
14/03/2024 01:13:27 AM - TestStatus - ERROR: ### VERIFICATION FAILED :Enrollment Failed Verification
14/03/2024 01:13:27 AM - TestStatus - INFO: Screenshot save to directory: C:\Binay\PyChamp\upmove_framework\base\../screenshots/Enrollment Failed Verification_1710359007129.png
14/03/2024 01:13:27 AM - TestStatus - ERROR: test_invalidEnrollmentTest case Failed !!!!
14/03/2024 12:05:33 PM - LoginPage - INFO: Element found with locator: //a[contains(text(),'Sign In')] and  locatorType: xpath
14/03/2024 12:05:34 PM - LoginPage - INFO: Clicked on element with locator: //a[contains(text(),'Sign In')] locatorType: xpath
14/03/2024 12:05:34 PM - LoginPage - INFO: Element found with locator: email and  locatorType: id
14/03/2024 12:05:34 PM - LoginPage - INFO: Element found with locator: login-password and  locatorType: id
14/03/2024 12:05:34 PM - LoginPage - INFO: Element found with locator: email and  locatorType: id
14/03/2024 12:05:34 PM - LoginPage - INFO: Sent data on element with locator: email locatorType: id
14/03/2024 12:05:34 PM - LoginPage - INFO: Element found with locator: login-password and  locatorType: id
14/03/2024 12:05:35 PM - LoginPage - INFO: Sent data on element with locator: login-password locatorType: ID
14/03/2024 12:05:38 PM - LoginPage - INFO: Element found with locator: //button[@value='Login'] and  locatorType: xpath
14/03/2024 12:05:38 PM - LoginPage - INFO: Clicked on element with locator: //button[@value='Login'] locatorType: xpath
14/03/2024 12:05:40 PM - RegisterCoursesPage - INFO: Element found with locator: //a[contains(text(),'ALL COURSES')] and  locatorType: xpath
14/03/2024 12:05:46 PM - RegisterCoursesPage - INFO: Clicked on element with locator: //a[contains(text(),'ALL COURSES')] locatorType: xpath
14/03/2024 12:05:46 PM - RegisterCoursesPage - INFO: Element found with locator: search and  locatorType: id
14/03/2024 12:05:46 PM - RegisterCoursesPage - INFO: Cannot send data on the element with locator: search locatorType: id
14/03/2024 12:05:49 PM - RegisterCoursesPage - INFO: Element not found with locator: find-course search-course and  locatorType: classname
14/03/2024 12:05:49 PM - RegisterCoursesPage - INFO: Cannot click on the element with locator: find-course search-course locatorType: classname
14/03/2024 12:05:49 PM - RegisterCoursesPage - INFO: Element found with locator: //h4[contains(text(),'JavaScript for beginners')] and  locatorType: xpath
14/03/2024 12:05:52 PM - RegisterCoursesPage - INFO: Clicked on element with locator: //h4[contains(text(),'JavaScript for beginners')] locatorType: xpath
14/03/2024 12:05:52 PM - RegisterCoursesPage - INFO: Element found with locator: //button[contains(text(),"Enroll in Course")] and  locatorType: xpath
14/03/2024 12:05:57 PM - RegisterCoursesPage - INFO: Clicked on element with locator: //button[contains(text(),"Enroll in Course")] locatorType: xpath
14/03/2024 12:06:01 PM - RegisterCoursesPage - INFO: Element not found with locator: cardnumber and  locatorType: classname
14/03/2024 12:06:01 PM - RegisterCoursesPage - INFO: Cannot send data on the element with locator: cardnumber locatorType: classname
14/03/2024 12:06:04 PM - RegisterCoursesPage - INFO: Element not found with locator: exp-date and  locatorType: classname
14/03/2024 12:06:04 PM - RegisterCoursesPage - INFO: Cannot send data on the element with locator: exp-date locatorType: classname
14/03/2024 12:06:07 PM - RegisterCoursesPage - INFO: Element not found with locator: cvc and  locatorType: classname
14/03/2024 12:06:07 PM - RegisterCoursesPage - INFO: Cannot send data on the element with locator: cvc locatorType: classname
14/03/2024 12:06:07 PM - RegisterCoursesPage - INFO: Element found with locator: (//button[@type="button"])[5] and  locatorType: xpath
14/03/2024 12:06:07 PM - RegisterCoursesPage - INFO: Clicked on element with locator: (//button[@type="button"])[5] locatorType: xpath
14/03/2024 12:06:07 PM - RegisterCoursesPage - INFO: waiting for maximum 10 second for element to clickable
14/03/2024 12:06:17 PM - RegisterCoursesPage - INFO: Element not appeared on the web page
14/03/2024 12:06:17 PM - RegisterCoursesPage - INFO: Element not displayed with locator:  locatorType: id
14/03/2024 12:06:17 PM - TestStatus - ERROR: ### VERIFICATION FAILED :Enrollment Failed Verification
14/03/2024 12:06:17 PM - TestStatus - INFO: Screenshot save to directory: C:\Binay\PyChamp\upmove_framework\base\../screenshots/Enrollment Failed Verification_1710398177801.png
14/03/2024 12:06:17 PM - TestStatus - ERROR: test_invalidEnrollmentTest case Failed !!!!
14/03/2024 12:33:32 PM - LoginPage - INFO: Element found with locator: //a[contains(text(),'Sign In')] and  locatorType: xpath
14/03/2024 12:33:34 PM - LoginPage - INFO: Clicked on element with locator: //a[contains(text(),'Sign In')] locatorType: xpath
14/03/2024 12:33:34 PM - LoginPage - INFO: Element found with locator: email and  locatorType: id
14/03/2024 12:33:34 PM - LoginPage - INFO: Element found with locator: login-password and  locatorType: id
14/03/2024 12:33:34 PM - LoginPage - INFO: Element found with locator: email and  locatorType: id
14/03/2024 12:33:34 PM - LoginPage - INFO: Sent data on element with locator: email locatorType: id
14/03/2024 12:33:34 PM - LoginPage - INFO: Element found with locator: login-password and  locatorType: id
14/03/2024 12:33:34 PM - LoginPage - INFO: Sent data on element with locator: login-password locatorType: ID
14/03/2024 12:33:37 PM - LoginPage - INFO: Element found with locator: //button[@value='Login'] and  locatorType: xpath
14/03/2024 12:33:37 PM - LoginPage - INFO: Clicked on element with locator: //button[@value='Login'] locatorType: xpath
14/03/2024 12:33:39 PM - RegisterCoursesPage - INFO: Element found with locator: //a[contains(text(),'ALL COURSES')] and  locatorType: xpath
14/03/2024 12:33:45 PM - RegisterCoursesPage - INFO: Clicked on element with locator: //a[contains(text(),'ALL COURSES')] locatorType: xpath
14/03/2024 12:33:45 PM - RegisterCoursesPage - INFO: Element found with locator: search and  locatorType: id
14/03/2024 12:33:45 PM - RegisterCoursesPage - INFO: Cannot send data on the element with locator: search locatorType: id
14/03/2024 12:33:48 PM - RegisterCoursesPage - INFO: Element not found with locator: find-course search-course and  locatorType: classname
14/03/2024 12:33:48 PM - RegisterCoursesPage - INFO: Cannot click on the element with locator: find-course search-course locatorType: classname
14/03/2024 12:33:48 PM - RegisterCoursesPage - INFO: Element found with locator: //h4[contains(text(),'JavaScript for beginners')] and  locatorType: xpath
14/03/2024 12:33:51 PM - RegisterCoursesPage - INFO: Clicked on element with locator: //h4[contains(text(),'JavaScript for beginners')] locatorType: xpath
14/03/2024 12:33:51 PM - RegisterCoursesPage - INFO: Element found with locator: //button[contains(text(),"Enroll in Course")] and  locatorType: xpath
14/03/2024 12:33:57 PM - RegisterCoursesPage - INFO: Clicked on element with locator: //button[contains(text(),"Enroll in Course")] locatorType: xpath
14/03/2024 12:34:00 PM - RegisterCoursesPage - INFO: Element not found with locator: cardnumber and  locatorType: classname
14/03/2024 12:34:00 PM - RegisterCoursesPage - INFO: Cannot send data on the element with locator: cardnumber locatorType: classname
14/03/2024 12:34:03 PM - RegisterCoursesPage - INFO: Element not found with locator: exp-date and  locatorType: classname
14/03/2024 12:34:03 PM - RegisterCoursesPage - INFO: Cannot send data on the element with locator: exp-date locatorType: classname
14/03/2024 12:34:06 PM - RegisterCoursesPage - INFO: Element not found with locator: cvc and  locatorType: classname
14/03/2024 12:34:06 PM - RegisterCoursesPage - INFO: Cannot send data on the element with locator: cvc locatorType: classname
14/03/2024 12:34:06 PM - RegisterCoursesPage - INFO: Element found with locator: (//button[@type="button"])[5] and  locatorType: xpath
14/03/2024 12:34:06 PM - RegisterCoursesPage - INFO: Clicked on element with locator: (//button[@type="button"])[5] locatorType: xpath
14/03/2024 12:34:06 PM - RegisterCoursesPage - INFO: waiting for maximum 10 second for element to clickable
14/03/2024 12:34:16 PM - RegisterCoursesPage - INFO: Element not appeared on the web page
14/03/2024 12:34:16 PM - RegisterCoursesPage - INFO: Element not displayed with locator:  locatorType: id
14/03/2024 12:34:16 PM - TestStatus - ERROR: ### VERIFICATION FAILED :Enrollment Failed Verification
14/03/2024 12:34:17 PM - TestStatus - INFO: Screenshot save to directory: C:\Binay\PyChamp\upmove_framework\base\../screenshots/Enrollment Failed Verification_1710399856991.png
14/03/2024 12:34:17 PM - TestStatus - ERROR: test_invalidEnrollmentTest case Failed !!!!
14/03/2024 07:06:37 PM - LoginPage - INFO: Element found with locator: //a[contains(text(),'Sign In')] and  locatorType: xpath
14/03/2024 07:06:38 PM - LoginPage - INFO: Clicked on element with locator: //a[contains(text(),'Sign In')] locatorType: xpath
14/03/2024 07:06:38 PM - LoginPage - INFO: Element found with locator: email and  locatorType: id
14/03/2024 07:06:38 PM - LoginPage - INFO: Element found with locator: login-password and  locatorType: id
14/03/2024 07:06:38 PM - LoginPage - INFO: Element found with locator: email and  locatorType: id
14/03/2024 07:06:38 PM - LoginPage - INFO: Sent data on element with locator: email locatorType: id
14/03/2024 07:06:38 PM - LoginPage - INFO: Element found with locator: login-password and  locatorType: id
14/03/2024 07:06:38 PM - LoginPage - INFO: Sent data on element with locator: login-password locatorType: ID
14/03/2024 07:06:41 PM - LoginPage - INFO: Element found with locator: //button[@value='Login'] and  locatorType: xpath
14/03/2024 07:06:41 PM - LoginPage - INFO: Clicked on element with locator: //button[@value='Login'] locatorType: xpath
14/03/2024 07:06:43 PM - LoginPage - INFO: Element found with locator: //a[contains(text(),'Sign In')] and  locatorType: xpath
14/03/2024 07:06:44 PM - LoginPage - INFO: Clicked on element with locator: //a[contains(text(),'Sign In')] locatorType: xpath
14/03/2024 07:06:44 PM - LoginPage - INFO: Element found with locator: email and  locatorType: id
14/03/2024 07:06:44 PM - LoginPage - INFO: Element found with locator: login-password and  locatorType: id
14/03/2024 07:06:44 PM - LoginPage - INFO: Element found with locator: email and  locatorType: id
14/03/2024 07:06:44 PM - LoginPage - INFO: Sent data on element with locator: email locatorType: id
14/03/2024 07:06:44 PM - LoginPage - INFO: Element found with locator: login-password and  locatorType: id
14/03/2024 07:06:44 PM - LoginPage - INFO: Sent data on element with locator: login-password locatorType: ID
14/03/2024 07:06:48 PM - LoginPage - INFO: Element found with locator: //button[@value='Login'] and  locatorType: xpath
14/03/2024 07:06:48 PM - LoginPage - INFO: Clicked on element with locator: //button[@value='Login'] locatorType: xpath
14/03/2024 07:06:50 PM - LoginPage - INFO: Element found with locator: //span[contains(text(),'Incorrect login details. Please try again.')] and  locatorType: xpath
14/03/2024 07:06:50 PM - LoginPage - INFO: Element present with locator: //span[contains(text(),'Incorrect login details. Please try again.')] locatorType: xpath
14/03/2024 07:06:50 PM - LoginPage - INFO: Element found with locator: //a[contains(text(),'Sign In')] and  locatorType: xpath
14/03/2024 07:06:50 PM - LoginPage - INFO: Clicked on element with locator: //a[contains(text(),'Sign In')] locatorType: xpath
14/03/2024 07:06:50 PM - LoginPage - INFO: Element found with locator: email and  locatorType: id
14/03/2024 07:06:50 PM - LoginPage - INFO: Element found with locator: login-password and  locatorType: id
14/03/2024 07:06:50 PM - LoginPage - INFO: Element found with locator: email and  locatorType: id
14/03/2024 07:06:50 PM - LoginPage - INFO: Sent data on element with locator: email locatorType: id
14/03/2024 07:06:50 PM - LoginPage - INFO: Element found with locator: login-password and  locatorType: id
14/03/2024 07:06:50 PM - LoginPage - INFO: Sent data on element with locator: login-password locatorType: ID
14/03/2024 07:06:53 PM - LoginPage - INFO: Element found with locator: //button[@value='Login'] and  locatorType: xpath
14/03/2024 07:06:53 PM - LoginPage - INFO: Clicked on element with locator: //button[@value='Login'] locatorType: xpath
14/03/2024 07:06:58 PM - Util - INFO: Actual Text From Application Web UI --> :: My Courses
14/03/2024 07:06:58 PM - Util - INFO: Expected Text From Application Web UI --> :: My Courses
14/03/2024 07:06:58 PM - Util - INFO: ### VERIFICATION CONTAINS !!!
14/03/2024 07:06:58 PM - TestStatus - INFO: ### VERIFICATION SUCCESSFUL : Title is Incorrect
14/03/2024 07:06:58 PM - LoginPage - INFO: Element found with locator: dropdownMenu1 and  locatorType: id
14/03/2024 07:06:58 PM - LoginPage - INFO: Element present with locator: dropdownMenu1 locatorType: id
14/03/2024 07:06:58 PM - TestStatus - INFO: ### VERIFICATION SUCCESSFUL : Login was successful
14/03/2024 07:06:58 PM - TestStatus - INFO: TestValidLoginTest Case Passed
